{
  "RSpec": {
    "coverage": {
      "/home/roland/Projects/bookmark_manager2/spec/features/adding_tag_to_link_spec.rb": [
        1,
        1,
        1,
        1,
        1,
        1,
        1,
        1,
        1,
        null,
        null
      ],
      "/home/roland/Projects/bookmark_manager2/spec/features/check_tags_spec.rb": [
        1,
        1,
        1,
        1,
        1,
        1,
        1,
        1,
        1,
        null,
        null
      ],
      "/home/roland/Projects/bookmark_manager2/spec/features/creating_links_spec.rb": [
        null,
        1,
        1,
        1,
        1,
        1,
        1,
        1,
        null,
        null
      ],
      "/home/roland/Projects/bookmark_manager2/spec/features/testing_infrastructure_spec.rb": [
        null,
        null,
        1,
        1,
        1,
        null,
        1,
        null,
        1,
        null,
        1,
        1,
        null,
        null,
        null
      ]
    },
    "timestamp": 1516891917
  }
}
